<?xml version="1.0" encoding="UTF-8"?>
<!-- Generated by org.testng.reporters.JUnitXMLReporter -->
<testsuite hostname="KELLGGNLPTP1605" name="Test" tests="9" failures="2" timestamp="3 Jun 2024 05:48:38 GMT" time="0.067" errors="0">
  <testcase name="firstTestCase" time="0.02" classname="day3.webelementintractionpart2.ReRunFailedTestCases">
    <skipped/>
  </testcase> <!-- firstTestCase -->
  <testcase name="firstTestCase" time="0.001" classname="day3.webelementintractionpart2.ReRunFailedTestCases">
    <skipped/>
  </testcase> <!-- firstTestCase -->
  <testcase name="firstTestCase" time="0.0" classname="day3.webelementintractionpart2.ReRunFailedTestCases">
    <skipped/>
  </testcase> <!-- firstTestCase -->
  <testcase name="firstTestCase" time="0.002" classname="day3.webelementintractionpart2.ReRunFailedTestCases">
    <failure type="junit.framework.AssertionFailedError">
      <![CDATA[junit.framework.AssertionFailedError
	at junit.framework.Assert.fail(Assert.java:47)
	at junit.framework.Assert.assertTrue(Assert.java:20)
	at junit.framework.Assert.assertTrue(Assert.java:27)
	at day3.webelementintractionpart2.ReRunFailedTestCases.firstTestCase(ReRunFailedTestCases.java:15)
... Removed 24 stack frames]]>
    </failure>
  </testcase> <!-- firstTestCase -->
  <testcase name="secondTestCase" time="0.002" classname="day3.webelementintractionpart2.ReRunFailedTestCases">
    <skipped/>
  </testcase> <!-- secondTestCase -->
  <testcase name="secondTestCase" time="0.001" classname="day3.webelementintractionpart2.ReRunFailedTestCases">
    <skipped/>
  </testcase> <!-- secondTestCase -->
  <testcase name="secondTestCase" time="0.002" classname="day3.webelementintractionpart2.ReRunFailedTestCases">
    <skipped/>
  </testcase> <!-- secondTestCase -->
  <testcase name="secondTestCase" time="0.001" classname="day3.webelementintractionpart2.ReRunFailedTestCases">
    <failure type="junit.framework.AssertionFailedError">
      <![CDATA[junit.framework.AssertionFailedError
	at junit.framework.Assert.fail(Assert.java:47)
	at junit.framework.Assert.assertTrue(Assert.java:20)
	at junit.framework.Assert.assertTrue(Assert.java:27)
	at day3.webelementintractionpart2.ReRunFailedTestCases.secondTestCase(ReRunFailedTestCases.java:21)
... Removed 24 stack frames]]>
    </failure>
  </testcase> <!-- secondTestCase -->
  <testcase name="thirdTestCase" time="0.0" classname="day3.webelementintractionpart2.ReRunFailedTestCases"/>
</testsuite> <!-- Test -->
