<?xml version="1.0" encoding="UTF-8"?>
<testng-results skipped="0" failed="0" total="1" passed="1">
  <reporter-output>
  </reporter-output>
  <suite name="Default suite" duration-ms="2540" started-at="2024-10-18T15:54:23Z" finished-at="2024-10-18T15:54:26Z">
    <groups>
    </groups>
    <test name="Default test" duration-ms="2540" started-at="2024-10-18T15:54:23Z" finished-at="2024-10-18T15:54:26Z">
      <class name="com.apitesting.Test01_GET">
        <test-method status="PASS" signature="test_01()[pri:0, instance:com.apitesting.Test01_GET@6a2bcfcb]" name="test_01" duration-ms="2514" started-at="2024-10-18T21:24:23Z" finished-at="2024-10-18T21:24:25Z">
          <reporter-output>
          </reporter-output>
        </test-method> <!-- test_01 -->
      </class> <!-- com.apitesting.Test01_GET -->
    </test> <!-- Default test -->
  </suite> <!-- Default suite -->
</testng-results>
